0 info it worked if it ends with ok
1 verbose cli [ 'C:\\Program Files\\nodejs\\\\node.exe',
1 verbose cli   'C:\\Program Files\\nodejs\\node_modules\\npm\\bin\\npm-cli.js',
1 verbose cli   'install',
1 verbose cli   'require',
1 verbose cli   '-g' ]
2 info using npm@1.3.14
3 info using node@v0.10.22
4 verbose node symlink C:\Program Files\nodejs\\node.exe
5 verbose cache add [ 'require', null ]
6 verbose cache add name=undefined spec="require" args=["require",null]
7 verbose parsed url { protocol: null,
7 verbose parsed url   slashes: null,
7 verbose parsed url   auth: null,
7 verbose parsed url   host: null,
7 verbose parsed url   port: null,
7 verbose parsed url   hostname: null,
7 verbose parsed url   hash: null,
7 verbose parsed url   search: null,
7 verbose parsed url   query: null,
7 verbose parsed url   pathname: 'require',
7 verbose parsed url   path: 'require',
7 verbose parsed url   href: 'require' }
8 silly lockFile 623e76c3-require require
9 verbose lock require C:\Users\NEO\AppData\Roaming\npm-cache\623e76c3-require.lock
10 silly lockFile 623e76c3-require require
11 silly lockFile 623e76c3-require require
12 verbose addNamed [ 'require', '' ]
13 verbose addNamed [ null, '*' ]
14 silly lockFile 06722518-require require@
15 verbose lock require@ C:\Users\NEO\AppData\Roaming\npm-cache\06722518-require.lock
16 silly addNameRange { name: 'require', range: '*', hasData: false }
17 verbose url raw require
18 verbose url resolving [ 'https://registry.npmjs.org/', './require' ]
19 verbose url resolved https://registry.npmjs.org/require
20 info trying registry request attempt 1 at 13:58:52
21 http GET https://registry.npmjs.org/require
22 http 200 https://registry.npmjs.org/require
23 silly registry.get cb [ 200,
23 silly registry.get   { vary: 'Accept',
23 silly registry.get     server: 'CouchDB/1.3.1 (Erlang OTP/R15B03)',
23 silly registry.get     etag: '"4BG6PKEXZVJAQXBO97AUC0EBV"',
23 silly registry.get     date: 'Sun, 24 Nov 2013 05:58:57 GMT',
23 silly registry.get     'content-type': 'application/json',
23 silly registry.get     'content-length': '16994' } ]
24 silly addNameRange number 2 { name: 'require', range: '*', hasData: true }
25 silly addNameRange versions [ 'require',
25 silly addNameRange   [ '0.3.1',
25 silly addNameRange     '0.3.2',
25 silly addNameRange     '0.4.0',
25 silly addNameRange     '0.4.2',
25 silly addNameRange     '0.4.4',
25 silly addNameRange     '0.4.5',
25 silly addNameRange     '0.4.6',
25 silly addNameRange     '0.4.8',
25 silly addNameRange     '0.4.9',
25 silly addNameRange     '0.5.0' ] ]
26 verbose addNamed [ 'require', '0.5.0' ]
27 verbose addNamed [ '0.5.0', '0.5.0' ]
28 silly lockFile a5c621dd-require-0-5-0 require@0.5.0
29 verbose lock require@0.5.0 C:\Users\NEO\AppData\Roaming\npm-cache\a5c621dd-require-0-5-0.lock
30 silly lockFile 4315e7af-js-org-require-require-0-5-0-tgz https://registry.npmjs.org/require/-/require-0.5.0.tgz
31 verbose lock https://registry.npmjs.org/require/-/require-0.5.0.tgz C:\Users\NEO\AppData\Roaming\npm-cache\4315e7af-js-org-require-require-0-5-0-tgz.lock
32 verbose addRemoteTarball [ 'https://registry.npmjs.org/require/-/require-0.5.0.tgz',
32 verbose addRemoteTarball   '964e436bb304eecc8190baac3a5d304f384b5e7d' ]
33 info retry fetch attempt 1 at 13:58:57
34 verbose fetch to= C:\Users\NEO\AppData\Local\Temp\npm-11260-OIsfwwSY\1385272737577-0.7596625299192965\tmp.tgz
35 http GET https://registry.npmjs.org/require/-/require-0.5.0.tgz
36 http 200 https://registry.npmjs.org/require/-/require-0.5.0.tgz
37 verbose tar unpack C:\Users\NEO\AppData\Local\Temp\npm-11260-OIsfwwSY\1385272737577-0.7596625299192965\tmp.tgz
38 silly lockFile b38a0b02-37577-0-7596625299192965-package tar://C:\Users\NEO\AppData\Local\Temp\npm-11260-OIsfwwSY\1385272737577-0.7596625299192965\package
39 verbose lock tar://C:\Users\NEO\AppData\Local\Temp\npm-11260-OIsfwwSY\1385272737577-0.7596625299192965\package C:\Users\NEO\AppData\Roaming\npm-cache\b38a0b02-37577-0-7596625299192965-package.lock
40 silly lockFile ecc13da8-37577-0-7596625299192965-tmp-tgz tar://C:\Users\NEO\AppData\Local\Temp\npm-11260-OIsfwwSY\1385272737577-0.7596625299192965\tmp.tgz
41 verbose lock tar://C:\Users\NEO\AppData\Local\Temp\npm-11260-OIsfwwSY\1385272737577-0.7596625299192965\tmp.tgz C:\Users\NEO\AppData\Roaming\npm-cache\ecc13da8-37577-0-7596625299192965-tmp-tgz.lock
42 silly gunzTarPerm modes [ '755', '644' ]
43 silly gunzTarPerm extractEntry package.json
44 silly gunzTarPerm extractEntry .npmignore
45 silly gunzTarPerm extractEntry README.md
46 silly gunzTarPerm extractEntry LICENSE
47 silly gunzTarPerm extractEntry compiler.js
48 silly gunzTarPerm extractEntry server.js
49 silly gunzTarPerm extractEntry Changelog
50 silly gunzTarPerm extractEntry bin/require-command.js
51 silly gunzTarPerm extractEntry example/package.json
52 silly gunzTarPerm extractEntry example/client.js
53 silly gunzTarPerm extractEntry example/compile.js
54 silly gunzTarPerm extractEntry example/connect.js
55 silly gunzTarPerm extractEntry example/raphael_circle.js
56 silly gunzTarPerm extractEntry example/server.js
57 silly gunzTarPerm extractEntry example/index.html
58 silly gunzTarPerm extractEntry example/raphael_circle.html
59 silly gunzTarPerm extractEntry example/shared/dependency.js
60 silly gunzTarPerm extractEntry lib/getCode.js
61 silly gunzTarPerm extractEntry lib/getDependencyLevels.js
62 silly gunzTarPerm extractEntry lib/getRequireStatements.js
63 silly gunzTarPerm extractEntry lib/resolve.js
64 silly lockFile b38a0b02-37577-0-7596625299192965-package tar://C:\Users\NEO\AppData\Local\Temp\npm-11260-OIsfwwSY\1385272737577-0.7596625299192965\package
65 silly lockFile b38a0b02-37577-0-7596625299192965-package tar://C:\Users\NEO\AppData\Local\Temp\npm-11260-OIsfwwSY\1385272737577-0.7596625299192965\package
66 silly lockFile ecc13da8-37577-0-7596625299192965-tmp-tgz tar://C:\Users\NEO\AppData\Local\Temp\npm-11260-OIsfwwSY\1385272737577-0.7596625299192965\tmp.tgz
67 silly lockFile ecc13da8-37577-0-7596625299192965-tmp-tgz tar://C:\Users\NEO\AppData\Local\Temp\npm-11260-OIsfwwSY\1385272737577-0.7596625299192965\tmp.tgz
68 verbose tar pack [ 'C:\\Users\\NEO\\AppData\\Roaming\\npm-cache\\require\\0.5.0\\package.tgz',
68 verbose tar pack   'C:\\Users\\NEO\\AppData\\Local\\Temp\\npm-11260-OIsfwwSY\\1385272737577-0.7596625299192965\\package' ]
69 verbose tarball C:\Users\NEO\AppData\Roaming\npm-cache\require\0.5.0\package.tgz
70 verbose folder C:\Users\NEO\AppData\Local\Temp\npm-11260-OIsfwwSY\1385272737577-0.7596625299192965\package
71 silly lockFile b38a0b02-37577-0-7596625299192965-package tar://C:\Users\NEO\AppData\Local\Temp\npm-11260-OIsfwwSY\1385272737577-0.7596625299192965\package
72 verbose lock tar://C:\Users\NEO\AppData\Local\Temp\npm-11260-OIsfwwSY\1385272737577-0.7596625299192965\package C:\Users\NEO\AppData\Roaming\npm-cache\b38a0b02-37577-0-7596625299192965-package.lock
73 silly lockFile 7aa81731--cache-require-0-5-0-package-tgz tar://C:\Users\NEO\AppData\Roaming\npm-cache\require\0.5.0\package.tgz
74 verbose lock tar://C:\Users\NEO\AppData\Roaming\npm-cache\require\0.5.0\package.tgz C:\Users\NEO\AppData\Roaming\npm-cache\7aa81731--cache-require-0-5-0-package-tgz.lock
75 silly lockFile b38a0b02-37577-0-7596625299192965-package tar://C:\Users\NEO\AppData\Local\Temp\npm-11260-OIsfwwSY\1385272737577-0.7596625299192965\package
76 silly lockFile b38a0b02-37577-0-7596625299192965-package tar://C:\Users\NEO\AppData\Local\Temp\npm-11260-OIsfwwSY\1385272737577-0.7596625299192965\package
77 silly lockFile 7aa81731--cache-require-0-5-0-package-tgz tar://C:\Users\NEO\AppData\Roaming\npm-cache\require\0.5.0\package.tgz
78 silly lockFile 7aa81731--cache-require-0-5-0-package-tgz tar://C:\Users\NEO\AppData\Roaming\npm-cache\require\0.5.0\package.tgz
79 silly lockFile bc9deca6--npm-cache-require-0-5-0-package C:\Users\NEO\AppData\Roaming\npm-cache\require\0.5.0\package
80 verbose lock C:\Users\NEO\AppData\Roaming\npm-cache\require\0.5.0\package C:\Users\NEO\AppData\Roaming\npm-cache\bc9deca6--npm-cache-require-0-5-0-package.lock
81 silly lockFile bc9deca6--npm-cache-require-0-5-0-package C:\Users\NEO\AppData\Roaming\npm-cache\require\0.5.0\package
82 silly lockFile bc9deca6--npm-cache-require-0-5-0-package C:\Users\NEO\AppData\Roaming\npm-cache\require\0.5.0\package
83 verbose tar unpack C:\Users\NEO\AppData\Roaming\npm-cache\require\0.5.0\package.tgz
84 silly lockFile c91bcb4e--npm-cache-require-0-5-0-package tar://C:\Users\NEO\AppData\Roaming\npm-cache\require\0.5.0\package
85 verbose lock tar://C:\Users\NEO\AppData\Roaming\npm-cache\require\0.5.0\package C:\Users\NEO\AppData\Roaming\npm-cache\c91bcb4e--npm-cache-require-0-5-0-package.lock
86 silly lockFile 7aa81731--cache-require-0-5-0-package-tgz tar://C:\Users\NEO\AppData\Roaming\npm-cache\require\0.5.0\package.tgz
87 verbose lock tar://C:\Users\NEO\AppData\Roaming\npm-cache\require\0.5.0\package.tgz C:\Users\NEO\AppData\Roaming\npm-cache\7aa81731--cache-require-0-5-0-package-tgz.lock
88 silly gunzTarPerm modes [ '755', '644' ]
89 silly gunzTarPerm extractEntry package.json
90 silly gunzTarPerm modified mode [ 'package.json', 438, 420 ]
91 silly gunzTarPerm extractEntry .npmignore
92 silly gunzTarPerm modified mode [ '.npmignore', 438, 420 ]
93 silly gunzTarPerm extractEntry README.md
94 silly gunzTarPerm modified mode [ 'README.md', 438, 420 ]
95 silly gunzTarPerm extractEntry LICENSE
96 silly gunzTarPerm modified mode [ 'LICENSE', 438, 420 ]
97 silly gunzTarPerm extractEntry compiler.js
98 silly gunzTarPerm modified mode [ 'compiler.js', 438, 420 ]
99 silly gunzTarPerm extractEntry server.js
100 silly gunzTarPerm modified mode [ 'server.js', 438, 420 ]
101 silly gunzTarPerm extractEntry bin/require-command.js
102 silly gunzTarPerm modified mode [ 'bin/require-command.js', 438, 420 ]
103 silly gunzTarPerm extractEntry Changelog
104 silly gunzTarPerm modified mode [ 'Changelog', 438, 420 ]
105 silly gunzTarPerm extractEntry example/package.json
106 silly gunzTarPerm modified mode [ 'example/package.json', 438, 420 ]
107 silly gunzTarPerm extractEntry example/client.js
108 silly gunzTarPerm modified mode [ 'example/client.js', 438, 420 ]
109 silly gunzTarPerm extractEntry example/compile.js
110 silly gunzTarPerm modified mode [ 'example/compile.js', 438, 420 ]
111 silly gunzTarPerm extractEntry example/connect.js
112 silly gunzTarPerm modified mode [ 'example/connect.js', 438, 420 ]
113 silly gunzTarPerm extractEntry example/raphael_circle.js
114 silly gunzTarPerm modified mode [ 'example/raphael_circle.js', 438, 420 ]
115 silly gunzTarPerm extractEntry example/server.js
116 silly gunzTarPerm modified mode [ 'example/server.js', 438, 420 ]
117 silly gunzTarPerm extractEntry example/index.html
118 silly gunzTarPerm modified mode [ 'example/index.html', 438, 420 ]
119 silly gunzTarPerm extractEntry example/raphael_circle.html
120 silly gunzTarPerm modified mode [ 'example/raphael_circle.html', 438, 420 ]
121 silly gunzTarPerm extractEntry example/shared/dependency.js
122 silly gunzTarPerm modified mode [ 'example/shared/dependency.js', 438, 420 ]
123 silly gunzTarPerm extractEntry lib/getCode.js
124 silly gunzTarPerm modified mode [ 'lib/getCode.js', 438, 420 ]
125 silly gunzTarPerm extractEntry lib/getDependencyLevels.js
126 silly gunzTarPerm modified mode [ 'lib/getDependencyLevels.js', 438, 420 ]
127 silly gunzTarPerm extractEntry lib/getRequireStatements.js
128 silly gunzTarPerm modified mode [ 'lib/getRequireStatements.js', 438, 420 ]
129 silly gunzTarPerm extractEntry lib/resolve.js
130 silly gunzTarPerm modified mode [ 'lib/resolve.js', 438, 420 ]
131 silly lockFile c91bcb4e--npm-cache-require-0-5-0-package tar://C:\Users\NEO\AppData\Roaming\npm-cache\require\0.5.0\package
132 silly lockFile c91bcb4e--npm-cache-require-0-5-0-package tar://C:\Users\NEO\AppData\Roaming\npm-cache\require\0.5.0\package
133 silly lockFile 7aa81731--cache-require-0-5-0-package-tgz tar://C:\Users\NEO\AppData\Roaming\npm-cache\require\0.5.0\package.tgz
134 silly lockFile 7aa81731--cache-require-0-5-0-package-tgz tar://C:\Users\NEO\AppData\Roaming\npm-cache\require\0.5.0\package.tgz
135 verbose chmod C:\Users\NEO\AppData\Roaming\npm-cache\require\0.5.0\package.tgz 644
136 silly chown skipping for windows C:\Users\NEO\AppData\Roaming\npm-cache\require\0.5.0\package.tgz
137 silly lockFile 4315e7af-js-org-require-require-0-5-0-tgz https://registry.npmjs.org/require/-/require-0.5.0.tgz
138 silly lockFile 4315e7af-js-org-require-require-0-5-0-tgz https://registry.npmjs.org/require/-/require-0.5.0.tgz
139 silly lockFile a5c621dd-require-0-5-0 require@0.5.0
140 silly lockFile a5c621dd-require-0-5-0 require@0.5.0
141 silly lockFile 06722518-require require@
142 silly lockFile 06722518-require require@
143 silly resolved [ { name: 'require',
143 silly resolved     description: 'javascript module management! brings node\'s require statement to the browser',
143 silly resolved     version: '0.5.0',
143 silly resolved     homepage: 'https://github.com/marcuswestin/require',
143 silly resolved     main: './require',
143 silly resolved     bin: { require: './bin/require-command.js' },
143 silly resolved     engines: { node: '*', browsers: '*' },
143 silly resolved     repository:
143 silly resolved      { type: 'git',
143 silly resolved        url: 'git://github.com/marcuswestin/require.git' },
143 silly resolved     author:
143 silly resolved      { name: 'Marcus Westin',
143 silly resolved        email: 'narcvs@gmail.com',
143 silly resolved        url: 'http://marcuswest.in' },
143 silly resolved     dependencies: { 'uglify-js': '1.2.6', std: '0.1.40' },
143 silly resolved     devDependencies: {},
143 silly resolved     directories: {},
143 silly resolved     scripts: { start: 'node server.js' },
143 silly resolved     readme: 'require brings `require` to the browser\n=======================================\n\nNode\'s `require()` is the de facto javascript dependency statement.\n\n`npm` is the de facto javascript module manager.\n\nrequire brings both of them to the browser.\n\ntl;dr\n=====\n"Just give me some code that runs"\n\n\tmkdir app; cd app\n\techo \'{ "name":"app" }\' > package.json\n\tsudo npm install require\n\tsudo npm install raphael\n\tcurl -O https://raw.github.com/gist/975866/little_server.js\n\tcurl -O https://raw.github.com/gist/975868/little_client.js\n\tnode little_server.js\n\nNow go to http://localhost:8080\n\nInstall\n=======\n\n\tsudo npm install -g require\n\nRun\n===\nStart dev server\n\n\trequire serve ./example --port 1234 --host localhost\n\nIn your HTML:\n\n\t<script src="//localhost:1234/require/client"></script>\n\nThis is like calling require(\'client\') from inside ./example.\n[Read more on node\'s require path resolution](http://nodejs.org/api/modules.html)\n\nCompile\n=======\n(You\'ll want to do this before you deploy to production)\n\n\trequire compile ./example/client.js > client.min.js\n\nUse programmatically\n====================\nIn node:\n\n\trequire(\'require/server\').listen(1234)\n\nor mount it on an http server you\'re already running\n\n\tvar server = http.createServer(function(req, res) { })\n\trequire(\'require/server\').mount(server)\n\tserver.listen(8080, \'localhost\')\n\nor, as connect middleware\n\n\tconnect.createServer(\n\t\tconnect.static(__dirname + \'/example\'),\n\t\trequire(\'require/server\').connect()\n\t)\n\nCompile programmatically:\n\n\tvar compiler = require(\'require/compiler\')\n\tconsole.log(compiler.compile(\'./example/client.js\'))\n\tconsole.log(compiler.compileCode(\'require("./example/client")\'))\n\nThe compiler supports all the options of https://github.com/mishoo/UglifyJS, e.g.\n\n\tcompiler.compile(\'./example/client.js\', { beautify:true, ascii_only:true })\n',
143 silly resolved     readmeFilename: 'README.md',
143 silly resolved     bugs: { url: 'https://github.com/marcuswestin/require/issues' },
143 silly resolved     _id: 'require@0.5.0',
143 silly resolved     dist: { shasum: '60fcfe39e714a0d86f8dcf8267dfb00dda5c86c1' },
143 silly resolved     _from: 'require@',
143 silly resolved     _resolved: 'https://registry.npmjs.org/require/-/require-0.5.0.tgz' } ]
144 info install require@0.5.0 into C:\Program Files\nodejs
145 info installOne require@0.5.0
146 info C:\Program Files\nodejs\node_modules\require unbuild
147 verbose tar unpack C:\Users\NEO\AppData\Roaming\npm-cache\require\0.5.0\package.tgz
148 silly lockFile d1f668c1-iles-nodejs-node-modules-require tar://C:\Program Files\nodejs\node_modules\require
149 verbose lock tar://C:\Program Files\nodejs\node_modules\require C:\Users\NEO\AppData\Roaming\npm-cache\d1f668c1-iles-nodejs-node-modules-require.lock
150 silly lockFile 7aa81731--cache-require-0-5-0-package-tgz tar://C:\Users\NEO\AppData\Roaming\npm-cache\require\0.5.0\package.tgz
151 verbose lock tar://C:\Users\NEO\AppData\Roaming\npm-cache\require\0.5.0\package.tgz C:\Users\NEO\AppData\Roaming\npm-cache\7aa81731--cache-require-0-5-0-package-tgz.lock
152 silly gunzTarPerm modes [ '755', '644' ]
153 error Error: EPERM, mkdir 'C:\Program Files\nodejs\node_modules\require'
153 error  { [Error: EPERM, mkdir 'C:\Program Files\nodejs\node_modules\require']
153 error   errno: 50,
153 error   code: 'EPERM',
153 error   path: 'C:\\Program Files\\nodejs\\node_modules\\require',
153 error   fstream_type: 'Directory',
153 error   fstream_path: 'C:\\Program Files\\nodejs\\node_modules\\require',
153 error   fstream_class: 'DirWriter',
153 error   fstream_stack:
153 error    [ 'C:\\Program Files\\nodejs\\node_modules\\npm\\node_modules\\fstream\\lib\\dir-writer.js:36:23',
153 error      'C:\\Program Files\\nodejs\\node_modules\\npm\\node_modules\\mkdirp\\index.js:37:53',
153 error      'Object.oncomplete (fs.js:107:15)' ] }
154 error Please try running this command again as root/Administrator.
155 error System Windows_NT 6.1.7601
156 error command "C:\\Program Files\\nodejs\\\\node.exe" "C:\\Program Files\\nodejs\\node_modules\\npm\\bin\\npm-cli.js" "install" "require" "-g"
157 error cwd C:\wamp\www\pokestats\build
158 error node -v v0.10.22
159 error npm -v 1.3.14
160 error path C:\Program Files\nodejs\node_modules\require
161 error fstream_path C:\Program Files\nodejs\node_modules\require
162 error fstream_type Directory
163 error fstream_class DirWriter
164 error code EPERM
165 error errno 50
166 error stack Error: EPERM, mkdir 'C:\Program Files\nodejs\node_modules\require'
167 error fstream_stack C:\Program Files\nodejs\node_modules\npm\node_modules\fstream\lib\dir-writer.js:36:23
167 error fstream_stack C:\Program Files\nodejs\node_modules\npm\node_modules\mkdirp\index.js:37:53
167 error fstream_stack Object.oncomplete (fs.js:107:15)
168 verbose exit [ 50, true ]
